2024-11-30 13:10:56 11616     [INFO] ****** HyperLynx v2.6 build 14488140 
2024-11-30 13:10:56 11616     [INFO]        C:\MentorGraphics\HLVX.2.6\SDD_HOME\hyperlynx64\BSW.EXE /dde 
2024-11-30 13:10:56 11616     [INFO] Opening Project C:\Users\madcat\Documents\GitHub\mad5160\hl\Mad5160.hyp
2024-11-30 13:10:57 11616     [INFO] Opened Board: Mad5160.hyp <C:\Users\madcat\Documents\GitHub\mad5160\hl\>
2024-11-30 13:13:46 11616    [ERROR] C:\MentorGraphics\HLVX.2.6\SDD_HOME\hyperlynx64\Libs\ibis_err.ibs:   	Success : Parse succeeded on file C:/MentorGraphics/HLVX.2.6/SDD_HOME/hyperlynx64/Libs/exb28v-noval-j.ibs.  	Success : Parse succeeded on file C:/MentorGraphics/HLVX.2.6/SDD_HOME/hyperlynx64/Libs/idt_mod.ibs.  	Error :   	Error :  at line 38 in file C:/MentorGraphics/HLVX.2.6/SDD_HOME/hyperlynx64/Libs/ibis_err.ibs : syntax error, unexpected NewLineToken  	Error : Parse failed on file C:/MentorGraphics/HLVX.2.6/SDD_HOME/hyperlynx64/Libs/ibis_err.ibs.  
2024-11-30 13:18:45 11616  [WARNING] Export to Free-Form Schematic: The current stackup has no plane layers. LineSim will assume the presence of a distant ground to calculate impedances and delays. 
2024-11-30 13:18:52 2896     [INFO] ****** HyperLynx v2.6 build 14488140 
2024-11-30 13:18:52 2896     [INFO]        C:\MentorGraphics\HLVX.2.6\SDD_HOME\hyperlynx64\BSW.EXE -FEATM:HYP -INIF:C:\MentorGraphics\HLVX.2.6\SDD_HOME\hyperlynx64\BSW.ini C:\Users\madcat\Documents\GitHub\mad5160\hl\_{DMACS}'.ffs 
2024-11-30 13:18:52 2896     [INFO] Opening Project C:\Users\madcat\Documents\GitHub\mad5160\hl\_{DMACS}'.ffs
2024-11-30 13:18:52 2896     [INFO] Opened Schematic: C:\Users\madcat\Documents\GitHub\mad5160\hl\_{DMACS}'.ffs
2024-11-30 13:23:28 2896     [INFO] HyperLynx: Сохранить изменения в _{DMACS}'.ffs? - The "No" button was selected
2024-11-30 13:23:30 2896     [INFO] Closing Schematic: _{DMACS}'.ffs
2024-11-30 13:23:33 2896     [INFO] ****** Closing HyperLynx 
2024-11-30 13:29:49 11616     [INFO] Close HyperLynx Session: Design file: Mad5160.hyp Save session edits (Yes/No)?  YES -> save, then close NO  -> close - The "Yes" button was selected
2024-11-30 13:29:52 11616     [INFO] Closing Design: Mad5160.hyp
2024-11-30 13:29:54 11616     [INFO] ****** Closing HyperLynx 
2025-03-11 22:26:04 5984     [INFO] ****** HyperLynx v2.6 build 14488140 
2025-03-11 22:26:04 5984     [INFO]        C:\MentorGraphics\HLVX.2.6\SDD_HOME\hyperlynx64\bsw.exe 
2025-03-11 22:26:07 5984     [INFO] Creating New Schematic
2025-03-11 22:26:09 5984     [INFO] HyperLynx: Сохранить изменения в Untitled.ffs? - The "No" button was selected
2025-03-11 22:26:35 5984     [INFO] Closing Schematic: Untitled.ffs
2025-03-11 22:26:38 5984     [INFO] ****** Closing HyperLynx 
